{
  "numTotalTestSuites": 1,
  "numPassedTestSuites": 0,
  "numFailedTestSuites": 1,
  "numPendingTestSuites": 0,
  "numTotalTests": 0,
  "numPassedTests": 0,
  "numFailedTests": 0,
  "numPendingTests": 0,
  "numTodoTests": 0,
  "startTime": 1706885416135,
  "success": false,
  "testResults": [
    {
      "assertionResults": [],
      "startTime": 1706885416135,
      "endTime": 1706885416135,
      "status": "passed",
      "message": "failed to resolve \"extends\":\"cypress/e2e/tsconfig.json\" in /Users/eldarina/Downloads/heppaseikkailu-projekti/heppaseikkailu/tsconfig.node.json",
      "name": "/Users/eldarina/Downloads/heppaseikkailu-projekti/heppaseikkailu/src/__tests__ in the src folder/App.spec.ts"
    }
  ]
}