{
  "numTotalTestSuites": 3,
  "numPassedTestSuites": 2,
  "numFailedTestSuites": 1,
  "numPendingTestSuites": 0,
  "numTotalTests": 1,
  "numPassedTests": 1,
  "numFailedTests": 0,
  "numPendingTests": 0,
  "numTodoTests": 0,
  "startTime": 1707065373073,
  "success": false,
  "testResults": [
    {
      "assertionResults": [],
      "startTime": 1707065373073,
      "endTime": 1707065373073,
      "status": "passed",
      "message": "failed to resolve \"extends\":\"cypress/e2e/tsconfig.json\" in /Users/eldarina/Downloads/heppaseikkailu-projekti/heppaseikkailu/tsconfig.node.json",
      "name": "/Users/eldarina/Downloads/heppaseikkailu-projekti/heppaseikkailu/src/__tests__ in the src folder/App.spec.ts"
    },
    {
      "assertionResults": [
        {
          "ancestorTitles": [
            "",
            "Navbar.vue"
          ],
          "fullName": " Navbar.vue should toggle the class on click",
          "status": "passed",
          "title": "should toggle the class on click",
          "duration": 57,
          "failureMessages": []
        }
      ],
      "startTime": 1707065375210,
      "endTime": 1707065375267,
      "status": "passed",
      "message": "",
      "name": "/Users/eldarina/Downloads/heppaseikkailu-projekti/heppaseikkailu/src/components/ __tests__ folder/Navbar.spec.ts"
    }
  ]
}